# JRE version: OpenJDK Runtime Environment (8.0_202-b03) (build 1.8.0_202-release-1483-b03)
# Java VM: OpenJDK 64-Bit Server VM (25.202-b03 mixed mode windows-amd64 compressed oops)
Heap:
 PSYoungGen      total 273408K, used 251412K [0x00000000e0000000, 0x00000000f4180000, 0x0000000100000000)
  eden space 237568K, 100% used [0x00000000e0000000,0x00000000ee800000,0x00000000ee800000)
  from space 35840K, 38% used [0x00000000ee800000,0x00000000ef5852c0,0x00000000f0b00000)
  to   space 34304K, 28% used [0x00000000f2000000,0x00000000f2988030,0x00000000f4180000)
 ParOldGen       total 145408K, used 83702K [0x00000000a0000000, 0x00000000a8e00000, 0x00000000e0000000)
  object space 145408K, 57% used [0x00000000a0000000,0x00000000a51bdb20,0x00000000a8e00000)
 Metaspace       used 101438K, capacity 106584K, committed 106920K, reserved 1142784K
  class space    used 13158K, capacity 14173K, committed 14248K, reserved 1048576K
GC Heap History (10 events):
Event: 79.614 GC heap after
Heap after GC invocations=21 (full 3):
 PSYoungGen      total 251392K, used 27515K [0x00000000e0000000, 0x00000000f1d80000, 0x0000000100000000)
  eden space 222720K, 0% used [0x00000000e0000000,0x00000000e0000000,0x00000000ed980000)
  from space 28672K, 95% used [0x00000000ef900000,0x00000000f13ded38,0x00000000f1500000)
  to   space 32256K, 0% used [0x00000000ed980000,0x00000000ed980000,0x00000000ef900000)
 ParOldGen       total 145408K, used 68484K [0x00000000a0000000, 0x00000000a8e00000, 0x00000000e0000000)
  object space 145408K, 47% used [0x00000000a0000000,0x00000000a42e12a0,0x00000000a8e00000)
 Metaspace       used 81440K, capacity 85414K, committed 85672K, reserved 1124352K
  class space    used 10578K, capacity 11348K, committed 11432K, reserved 1048576K
}
Event: 95.987 GC heap before
{Heap before GC invocations=22 (full 3):
 PSYoungGen      total 251392K, used 250235K [0x00000000e0000000, 0x00000000f1d80000, 0x0000000100000000)
  eden space 222720K, 100% used [0x00000000e0000000,0x00000000ed980000,0x00000000ed980000)
  from space 28672K, 95% used [0x00000000ef900000,0x00000000f13ded38,0x00000000f1500000)
  to   space 32256K, 0% used [0x00000000ed980000,0x00000000ed980000,0x00000000ef900000)
 ParOldGen       total 145408K, used 68484K [0x00000000a0000000, 0x00000000a8e00000, 0x00000000e0000000)
  object space 145408K, 47% used [0x00000000a0000000,0x00000000a42e12a0,0x00000000a8e00000)
 Metaspace       used 86830K, capacity 90958K, committed 91176K, reserved 1128448K
  class space    used 11231K, capacity 12017K, committed 12072K, reserved 1048576K
Event: 96.065 GC heap after
Heap after GC invocations=22 (full 3):
 PSYoungGen      total 254976K, used 18776K [0x00000000e0000000, 0x00000000f2a80000, 0x0000000100000000)
  eden space 222720K, 0% used [0x00000000e0000000,0x00000000e0000000,0x00000000ed980000)
  from space 32256K, 58% used [0x00000000ed980000,0x00000000eebd6090,0x00000000ef900000)
  to   space 32256K, 0% used [0x00000000f0b00000,0x00000000f0b00000,0x00000000f2a80000)
 ParOldGen       total 145408K, used 68492K [0x00000000a0000000, 0x00000000a8e00000, 0x00000000e0000000)
  object space 145408K, 47% used [0x00000000a0000000,0x00000000a42e32a0,0x00000000a8e00000)
 Metaspace       used 86830K, capacity 90958K, committed 91176K, reserved 1128448K
  class space    used 11231K, capacity 12017K, committed 12072K, reserved 1048576K
}
Event: 101.339 GC heap before
{Heap before GC invocations=23 (full 3):
 PSYoungGen      total 254976K, used 206858K [0x00000000e0000000, 0x00000000f2a80000, 0x0000000100000000)
  eden space 222720K, 84% used [0x00000000e0000000,0x00000000eb7acaf8,0x00000000ed980000)
  from space 32256K, 58% used [0x00000000ed980000,0x00000000eebd6090,0x00000000ef900000)
  to   space 32256K, 0% used [0x00000000f0b00000,0x00000000f0b00000,0x00000000f2a80000)
 ParOldGen       total 145408K, used 68492K [0x00000000a0000000, 0x00000000a8e00000, 0x00000000e0000000)
  object space 145408K, 47% used [0x00000000a0000000,0x00000000a42e32a0,0x00000000a8e00000)
 Metaspace       used 94019K, capacity 98488K, committed 98600K, reserved 1134592K
  class space    used 12099K, capacity 13001K, committed 13096K, reserved 1048576K
Event: 101.380 GC heap after
Heap after GC invocations=23 (full 3):
 PSYoungGen      total 269824K, used 28319K [0x00000000e0000000, 0x00000000f3080000, 0x0000000100000000)
  eden space 237568K, 0% used [0x00000000e0000000,0x00000000e0000000,0x00000000ee800000)
  from space 32256K, 87% used [0x00000000f0b00000,0x00000000f26a7c58,0x00000000f2a80000)
  to   space 35840K, 0% used [0x00000000ee800000,0x00000000ee800000,0x00000000f0b00000)
 ParOldGen       total 145408K, used 68508K [0x00000000a0000000, 0x00000000a8e00000, 0x00000000e0000000)
  object space 145408K, 47% used [0x00000000a0000000,0x00000000a42e72a0,0x00000000a8e00000)
 Metaspace       used 94019K, capacity 98488K, committed 98600K, reserved 1134592K
  class space    used 12099K, capacity 13001K, committed 13096K, reserved 1048576K
}
Event: 101.380 GC heap before
{Heap before GC invocations=24 (full 4):
 PSYoungGen      total 269824K, used 28319K [0x00000000e0000000, 0x00000000f3080000, 0x0000000100000000)
  eden space 237568K, 0% used [0x00000000e0000000,0x00000000e0000000,0x00000000ee800000)
  from space 32256K, 87% used [0x00000000f0b00000,0x00000000f26a7c58,0x00000000f2a80000)
  to   space 35840K, 0% used [0x00000000ee800000,0x00000000ee800000,0x00000000f0b00000)
 ParOldGen       total 145408K, used 68508K [0x00000000a0000000, 0x00000000a8e00000, 0x00000000e0000000)
  object space 145408K, 47% used [0x00000000a0000000,0x00000000a42e72a0,0x00000000a8e00000)
 Metaspace       used 94019K, capacity 98488K, committed 98600K, reserved 1134592K
  class space    used 12099K, capacity 13001K, committed 13096K, reserved 1048576K
Event: 102.421 GC heap after
Heap after GC invocations=24 (full 4):
 PSYoungGen      total 269824K, used 0K [0x00000000e0000000, 0x00000000f3080000, 0x0000000100000000)
  eden space 237568K, 0% used [0x00000000e0000000,0x00000000e0000000,0x00000000ee800000)
  from space 32256K, 0% used [0x00000000f0b00000,0x00000000f0b00000,0x00000000f2a80000)
  to   space 35840K, 0% used [0x00000000ee800000,0x00000000ee800000,0x00000000f0b00000)
 ParOldGen       total 145408K, used 83686K [0x00000000a0000000, 0x00000000a8e00000, 0x00000000e0000000)
  object space 145408K, 57% used [0x00000000a0000000,0x00000000a51b9b20,0x00000000a8e00000)
 Metaspace       used 93800K, capacity 97836K, committed 98600K, reserved 1134592K
  class space    used 12032K, capacity 12889K, committed 13096K, reserved 1048576K
}
Event: 104.111 GC heap before
{Heap before GC invocations=25 (full 4):
 PSYoungGen      total 269824K, used 237568K [0x00000000e0000000, 0x00000000f3080000, 0x0000000100000000)
  eden space 237568K, 100% used [0x00000000e0000000,0x00000000ee800000,0x00000000ee800000)
  from space 32256K, 0% used [0x00000000f0b00000,0x00000000f0b00000,0x00000000f2a80000)
  to   space 35840K, 0% used [0x00000000ee800000,0x00000000ee800000,0x00000000f0b00000)
 ParOldGen       total 145408K, used 83686K [0x00000000a0000000, 0x00000000a8e00000, 0x00000000e0000000)
  object space 145408K, 57% used [0x00000000a0000000,0x00000000a51b9b20,0x00000000a8e00000)
 Metaspace       used 101203K, capacity 106342K, committed 106664K, reserved 1142784K
  class space    used 13146K, capacity 14166K, committed 14248K, reserved 1048576K
Event: 104.147 GC heap after
Heap after GC invocations=25 (full 4):
 PSYoungGen      total 273408K, used 13844K [0x00000000e0000000, 0x00000000f4180000, 0x0000000100000000)
  eden space 237568K, 0% used [0x00000000e0000000,0x00000000e0000000,0x00000000ee800000)
  from space 35840K, 38% used [0x00000000ee800000,0x00000000ef5852c0,0x00000000f0b00000)
  to   space 34304K, 0% used [0x00000000f2000000,0x00000000f2000000,0x00000000f4180000)
 ParOldGen       total 145408K, used 83694K [0x00000000a0000000, 0x00000000a8e00000, 0x00000000e0000000)
  object space 145408K, 57% used [0x00000000a0000000,0x00000000a51bbb20,0x00000000a8e00000)
 Metaspace       used 101203K, capacity 106342K, committed 106664K, reserved 1142784K
  class space    used 13146K, capacity 14166K, committed 14248K, reserved 1048576K
}
Event: 104.834 GC heap before
{Heap before GC invocations=26 (full 4):
 PSYoungGen      total 273408K, used 251412K [0x00000000e0000000, 0x00000000f4180000, 0x0000000100000000)
  eden space 237568K, 100% used [0x00000000e0000000,0x00000000ee800000,0x00000000ee800000)
  from space 35840K, 38% used [0x00000000ee800000,0x00000000ef5852c0,0x00000000f0b00000)
  to   space 34304K, 0% used [0x00000000f2000000,0x00000000f2000000,0x00000000f4180000)
 ParOldGen       total 145408K, used 83694K [0x00000000a0000000, 0x00000000a8e00000, 0x00000000e0000000)
  object space 145408K, 57% used [0x00000000a0000000,0x00000000a51bbb20,0x00000000a8e00000)
 Metaspace       used 101438K, capacity 106584K, committed 106920K, reserved 1142784K
  class space    used 13158K, capacity 14173K, committed 14248K, reserved 1048576K

