# JRE version: OpenJDK Runtime Environment (8.0_202-b03) (build 1.8.0_202-release-1483-b03)
# Java VM: OpenJDK 64-Bit Server VM (25.202-b03 mixed mode windows-amd64 compressed oops)
Heap:
 PSYoungGen      total 457216K, used 104684K [0x00000000e0000000, 0x00000000fff00000, 0x0000000100000000)
  eden space 395776K, 23% used [0x00000000e0000000,0x00000000e598cd88,0x00000000f8280000)
  from space 61440K, 21% used [0x00000000f8280000,0x00000000f8f2e2a0,0x00000000fbe80000)
  to   space 59392K, 0% used [0x00000000fc500000,0x00000000fc500000,0x00000000fff00000)
 ParOldGen       total 314368K, used 171836K [0x00000000a0000000, 0x00000000b3300000, 0x00000000e0000000)
  object space 314368K, 54% used [0x00000000a0000000,0x00000000aa7cf048,0x00000000b3300000)
 Metaspace       used 112208K, capacity 116948K, committed 117952K, reserved 1153024K
  class space    used 14123K, capacity 15081K, committed 15336K, reserved 1048576K
GC Heap History (10 events):
Event: 184.392 GC heap before
{Heap before GC invocations=34 (full 5):
 PSYoungGen      total 444416K, used 14661K [0x00000000e0000000, 0x0000000100000000, 0x0000000100000000)
  eden space 372736K, 0% used [0x00000000e0000000,0x00000000e0000000,0x00000000f6c00000)
  from space 71680K, 20% used [0x00000000f6c00000,0x00000000f7a51610,0x00000000fb200000)
  to   space 69120K, 0% used [0x00000000fbc80000,0x00000000fbc80000,0x0000000100000000)
 ParOldGen       total 228352K, used 193568K [0x00000000a0000000, 0x00000000adf00000, 0x00000000e0000000)
  object space 228352K, 84% used [0x00000000a0000000,0x00000000abd083f8,0x00000000adf00000)
 Metaspace       used 111991K, capacity 117342K, committed 117440K, reserved 1150976K
  class space    used 14238K, capacity 15258K, committed 15336K, reserved 1048576K
Event: 184.678 GC heap after
Heap after GC invocations=34 (full 5):
 PSYoungGen      total 444416K, used 0K [0x00000000e0000000, 0x0000000100000000, 0x0000000100000000)
  eden space 372736K, 0% used [0x00000000e0000000,0x00000000e0000000,0x00000000f6c00000)
  from space 71680K, 0% used [0x00000000f6c00000,0x00000000f6c00000,0x00000000fb200000)
  to   space 69120K, 0% used [0x00000000fbc80000,0x00000000fbc80000,0x0000000100000000)
 ParOldGen       total 314368K, used 126364K [0x00000000a0000000, 0x00000000b3300000, 0x00000000e0000000)
  object space 314368K, 40% used [0x00000000a0000000,0x00000000a7b673b8,0x00000000b3300000)
 Metaspace       used 111582K, capacity 116346K, committed 117440K, reserved 1150976K
  class space    used 14094K, capacity 15006K, committed 15336K, reserved 1048576K
}
Event: 185.266 GC heap before
{Heap before GC invocations=35 (full 5):
 PSYoungGen      total 444416K, used 372736K [0x00000000e0000000, 0x0000000100000000, 0x0000000100000000)
  eden space 372736K, 100% used [0x00000000e0000000,0x00000000f6c00000,0x00000000f6c00000)
  from space 71680K, 0% used [0x00000000f6c00000,0x00000000f6c00000,0x00000000fb200000)
  to   space 69120K, 0% used [0x00000000fbc80000,0x00000000fbc80000,0x0000000100000000)
 ParOldGen       total 314368K, used 126364K [0x00000000a0000000, 0x00000000b3300000, 0x00000000e0000000)
  object space 314368K, 40% used [0x00000000a0000000,0x00000000a7b673b8,0x00000000b3300000)
 Metaspace       used 111627K, capacity 116382K, committed 117440K, reserved 1150976K
  class space    used 14095K, capacity 15038K, committed 15336K, reserved 1048576K
Event: 185.294 GC heap after
Heap after GC invocations=35 (full 5):
 PSYoungGen      total 443904K, used 18550K [0x00000000e0000000, 0x00000000ff780000, 0x0000000100000000)
  eden space 383488K, 0% used [0x00000000e0000000,0x00000000e0000000,0x00000000f7680000)
  from space 60416K, 30% used [0x00000000fbc80000,0x00000000fce9d958,0x00000000ff780000)
  to   space 66048K, 0% used [0x00000000f7680000,0x00000000f7680000,0x00000000fb700000)
 ParOldGen       total 314368K, used 126372K [0x00000000a0000000, 0x00000000b3300000, 0x00000000e0000000)
  object space 314368K, 40% used [0x00000000a0000000,0x00000000a7b693b8,0x00000000b3300000)
 Metaspace       used 111627K, capacity 116382K, committed 117440K, reserved 1150976K
  class space    used 14095K, capacity 15038K, committed 15336K, reserved 1048576K
}
Event: 185.824 GC heap before
{Heap before GC invocations=36 (full 5):
 PSYoungGen      total 443904K, used 402038K [0x00000000e0000000, 0x00000000ff780000, 0x0000000100000000)
  eden space 383488K, 100% used [0x00000000e0000000,0x00000000f7680000,0x00000000f7680000)
  from space 60416K, 30% used [0x00000000fbc80000,0x00000000fce9d958,0x00000000ff780000)
  to   space 66048K, 0% used [0x00000000f7680000,0x00000000f7680000,0x00000000fb700000)
 ParOldGen       total 314368K, used 126372K [0x00000000a0000000, 0x00000000b3300000, 0x00000000e0000000)
  object space 314368K, 40% used [0x00000000a0000000,0x00000000a7b693b8,0x00000000b3300000)
 Metaspace       used 111718K, capacity 116472K, committed 117696K, reserved 1150976K
  class space    used 14097K, capacity 15039K, committed 15336K, reserved 1048576K
Event: 185.860 GC heap after
Heap after GC invocations=36 (full 5):
 PSYoungGen      total 449536K, used 26764K [0x00000000e0000000, 0x00000000ffe80000, 0x0000000100000000)
  eden space 383488K, 0% used [0x00000000e0000000,0x00000000e0000000,0x00000000f7680000)
  from space 66048K, 40% used [0x00000000f7680000,0x00000000f90a3378,0x00000000fb700000)
  to   space 62464K, 0% used [0x00000000fc180000,0x00000000fc180000,0x00000000ffe80000)
 ParOldGen       total 314368K, used 140256K [0x00000000a0000000, 0x00000000b3300000, 0x00000000e0000000)
  object space 314368K, 44% used [0x00000000a0000000,0x00000000a88f8260,0x00000000b3300000)
 Metaspace       used 111718K, capacity 116472K, committed 117696K, reserved 1150976K
  class space    used 14097K, capacity 15039K, committed 15336K, reserved 1048576K
}
Event: 186.392 GC heap before
{Heap before GC invocations=37 (full 5):
 PSYoungGen      total 449536K, used 410252K [0x00000000e0000000, 0x00000000ffe80000, 0x0000000100000000)
  eden space 383488K, 100% used [0x00000000e0000000,0x00000000f7680000,0x00000000f7680000)
  from space 66048K, 40% used [0x00000000f7680000,0x00000000f90a3378,0x00000000fb700000)
  to   space 62464K, 0% used [0x00000000fc180000,0x00000000fc180000,0x00000000ffe80000)
 ParOldGen       total 314368K, used 140256K [0x00000000a0000000, 0x00000000b3300000, 0x00000000e0000000)
  object space 314368K, 44% used [0x00000000a0000000,0x00000000a88f8260,0x00000000b3300000)
 Metaspace       used 111887K, capacity 116620K, committed 117696K, reserved 1150976K
  class space    used 14097K, capacity 15039K, committed 15336K, reserved 1048576K
Event: 186.424 GC heap after
Heap after GC invocations=37 (full 5):
 PSYoungGen      total 454144K, used 11230K [0x00000000e0000000, 0x00000000ffa80000, 0x0000000100000000)
  eden space 395776K, 0% used [0x00000000e0000000,0x00000000e0000000,0x00000000f8280000)
  from space 58368K, 19% used [0x00000000fc180000,0x00000000fcc77a08,0x00000000ffa80000)
  to   space 61440K, 0% used [0x00000000f8280000,0x00000000f8280000,0x00000000fbe80000)
 ParOldGen       total 314368K, used 163963K [0x00000000a0000000, 0x00000000b3300000, 0x00000000e0000000)
  object space 314368K, 52% used [0x00000000a0000000,0x00000000aa01ef78,0x00000000b3300000)
 Metaspace       used 111887K, capacity 116620K, committed 117696K, reserved 1150976K
  class space    used 14097K, capacity 15039K, committed 15336K, reserved 1048576K
}
Event: 186.991 GC heap before
{Heap before GC invocations=38 (full 5):
 PSYoungGen      total 454144K, used 407006K [0x00000000e0000000, 0x00000000ffa80000, 0x0000000100000000)
  eden space 395776K, 100% used [0x00000000e0000000,0x00000000f8280000,0x00000000f8280000)
  from space 58368K, 19% used [0x00000000fc180000,0x00000000fcc77a08,0x00000000ffa80000)
  to   space 61440K, 0% used [0x00000000f8280000,0x00000000f8280000,0x00000000fbe80000)
 ParOldGen       total 314368K, used 163963K [0x00000000a0000000, 0x00000000b3300000, 0x00000000e0000000)
  object space 314368K, 52% used [0x00000000a0000000,0x00000000aa01ef78,0x00000000b3300000)
 Metaspace       used 112081K, capacity 116818K, committed 117952K, reserved 1153024K
  class space    used 14105K, capacity 15040K, committed 15336K, reserved 1048576K
Event: 187.013 GC heap after
Heap after GC invocations=38 (full 5):
 PSYoungGen      total 457216K, used 12984K [0x00000000e0000000, 0x00000000fff00000, 0x0000000100000000)
  eden space 395776K, 0% used [0x00000000e0000000,0x00000000e0000000,0x00000000f8280000)
  from space 61440K, 21% used [0x00000000f8280000,0x00000000f8f2e2a0,0x00000000fbe80000)
  to   space 59392K, 0% used [0x00000000fc500000,0x00000000fc500000,0x00000000fff00000)
 ParOldGen       total 314368K, used 171836K [0x00000000a0000000, 0x00000000b3300000, 0x00000000e0000000)
  object space 314368K, 54% used [0x00000000a0000000,0x00000000aa7cf048,0x00000000b3300000)
 Metaspace       used 112081K, capacity 116818K, committed 117952K, reserved 1153024K
  class space    used 14105K, capacity 15040K, committed 15336K, reserved 1048576K
}

