# JRE version: OpenJDK Runtime Environment (8.0_202-b03) (build 1.8.0_202-release-1483-b03)
# Java VM: OpenJDK 64-Bit Server VM (25.202-b03 mixed mode windows-amd64 compressed oops)
Heap:
 PSYoungGen      total 301568K, used 102593K [0x00000000e0000000, 0x00000000f8e00000, 0x0000000100000000)
  eden space 236544K, 15% used [0x00000000e0000000,0x00000000e24b1628,0x00000000ee700000)
  from space 65024K, 99% used [0x00000000f3380000,0x00000000f72ff158,0x00000000f7300000)
  to   space 78336K, 0% used [0x00000000ee700000,0x00000000ee700000,0x00000000f3380000)
 ParOldGen       total 125440K, used 75779K [0x00000000a0000000, 0x00000000a7a80000, 0x00000000e0000000)
  object space 125440K, 60% used [0x00000000a0000000,0x00000000a4a00f30,0x00000000a7a80000)
 Metaspace       used 117806K, capacity 123564K, committed 123736K, reserved 1157120K
  class space    used 15044K, capacity 16129K, committed 16216K, reserved 1048576K
GC Heap History (10 events):
Event: 3877.834 GC heap before
{Heap before GC invocations=28 (full 4):
 PSYoungGen      total 222720K, used 222716K [0x00000000e0000000, 0x00000000f1e80000, 0x0000000100000000)
  eden space 192512K, 100% used [0x00000000e0000000,0x00000000ebc00000,0x00000000ebc00000)
  from space 30208K, 99% used [0x00000000ebc00000,0x00000000ed97f3a0,0x00000000ed980000)
  to   space 38400K, 0% used [0x00000000ef900000,0x00000000ef900000,0x00000000f1e80000)
 ParOldGen       total 125440K, used 57836K [0x00000000a0000000, 0x00000000a7a80000, 0x00000000e0000000)
  object space 125440K, 46% used [0x00000000a0000000,0x00000000a387b3b8,0x00000000a7a80000)
 Metaspace       used 107825K, capacity 112506K, committed 112728K, reserved 1146880K
  class space    used 13934K, capacity 14811K, committed 14936K, reserved 1048576K
Event: 3877.877 GC heap after
Heap after GC invocations=28 (full 4):
 PSYoungGen      total 249344K, used 37096K [0x00000000e0000000, 0x00000000f2a80000, 0x0000000100000000)
  eden space 210944K, 0% used [0x00000000e0000000,0x00000000e0000000,0x00000000ece00000)
  from space 38400K, 96% used [0x00000000ef900000,0x00000000f1d3a050,0x00000000f1e80000)
  to   space 44032K, 0% used [0x00000000ece00000,0x00000000ece00000,0x00000000ef900000)
 ParOldGen       total 125440K, used 68574K [0x00000000a0000000, 0x00000000a7a80000, 0x00000000e0000000)
  object space 125440K, 54% used [0x00000000a0000000,0x00000000a42f7a80,0x00000000a7a80000)
 Metaspace       used 107825K, capacity 112506K, committed 112728K, reserved 1146880K
  class space    used 13934K, capacity 14811K, committed 14936K, reserved 1048576K
}
Event: 4535.355 GC heap before
{Heap before GC invocations=29 (full 4):
 PSYoungGen      total 249344K, used 248040K [0x00000000e0000000, 0x00000000f2a80000, 0x0000000100000000)
  eden space 210944K, 100% used [0x00000000e0000000,0x00000000ece00000,0x00000000ece00000)
  from space 38400K, 96% used [0x00000000ef900000,0x00000000f1d3a050,0x00000000f1e80000)
  to   space 44032K, 0% used [0x00000000ece00000,0x00000000ece00000,0x00000000ef900000)
 ParOldGen       total 125440K, used 68574K [0x00000000a0000000, 0x00000000a7a80000, 0x00000000e0000000)
  object space 125440K, 54% used [0x00000000a0000000,0x00000000a42f7a80,0x00000000a7a80000)
 Metaspace       used 110872K, capacity 116234K, committed 116568K, reserved 1150976K
  class space    used 14321K, capacity 15326K, committed 15448K, reserved 1048576K
Event: 4535.785 GC heap after
Heap after GC invocations=29 (full 4):
 PSYoungGen      total 254976K, used 43783K [0x00000000e0000000, 0x00000000f4780000, 0x0000000100000000)
  eden space 210944K, 0% used [0x00000000e0000000,0x00000000e0000000,0x00000000ece00000)
  from space 44032K, 99% used [0x00000000ece00000,0x00000000ef8c1da0,0x00000000ef900000)
  to   space 50688K, 0% used [0x00000000f1600000,0x00000000f1600000,0x00000000f4780000)
 ParOldGen       total 125440K, used 68582K [0x00000000a0000000, 0x00000000a7a80000, 0x00000000e0000000)
  object space 125440K, 54% used [0x00000000a0000000,0x00000000a42f9a80,0x00000000a7a80000)
 Metaspace       used 110872K, capacity 116234K, committed 116568K, reserved 1150976K
  class space    used 14321K, capacity 15326K, committed 15448K, reserved 1048576K
}
Event: 4543.814 GC heap before
{Heap before GC invocations=30 (full 4):
 PSYoungGen      total 254976K, used 254727K [0x00000000e0000000, 0x00000000f4780000, 0x0000000100000000)
  eden space 210944K, 100% used [0x00000000e0000000,0x00000000ece00000,0x00000000ece00000)
  from space 44032K, 99% used [0x00000000ece00000,0x00000000ef8c1da0,0x00000000ef900000)
  to   space 50688K, 0% used [0x00000000f1600000,0x00000000f1600000,0x00000000f4780000)
 ParOldGen       total 125440K, used 68582K [0x00000000a0000000, 0x00000000a7a80000, 0x00000000e0000000)
  object space 125440K, 54% used [0x00000000a0000000,0x00000000a42f9a80,0x00000000a7a80000)
 Metaspace       used 112235K, capacity 117700K, committed 117976K, reserved 1150976K
  class space    used 14475K, capacity 15501K, committed 15576K, reserved 1048576K
Event: 4544.200 GC heap after
Heap after GC invocations=30 (full 4):
 PSYoungGen      total 278528K, used 44559K [0x00000000e0000000, 0x00000000f5480000, 0x0000000100000000)
  eden space 227840K, 0% used [0x00000000e0000000,0x00000000e0000000,0x00000000ede80000)
  from space 50688K, 87% used [0x00000000f1600000,0x00000000f4183ce8,0x00000000f4780000)
  to   space 56832K, 0% used [0x00000000ede80000,0x00000000ede80000,0x00000000f1600000)
 ParOldGen       total 125440K, used 68590K [0x00000000a0000000, 0x00000000a7a80000, 0x00000000e0000000)
  object space 125440K, 54% used [0x00000000a0000000,0x00000000a42fba80,0x00000000a7a80000)
 Metaspace       used 112235K, capacity 117700K, committed 117976K, reserved 1150976K
  class space    used 14475K, capacity 15501K, committed 15576K, reserved 1048576K
}
Event: 4839.849 GC heap before
{Heap before GC invocations=31 (full 4):
 PSYoungGen      total 278528K, used 272399K [0x00000000e0000000, 0x00000000f5480000, 0x0000000100000000)
  eden space 227840K, 100% used [0x00000000e0000000,0x00000000ede80000,0x00000000ede80000)
  from space 50688K, 87% used [0x00000000f1600000,0x00000000f4183ce8,0x00000000f4780000)
  to   space 56832K, 0% used [0x00000000ede80000,0x00000000ede80000,0x00000000f1600000)
 ParOldGen       total 125440K, used 68590K [0x00000000a0000000, 0x00000000a7a80000, 0x00000000e0000000)
  object space 125440K, 54% used [0x00000000a0000000,0x00000000a42fba80,0x00000000a7a80000)
 Metaspace       used 113882K, capacity 119484K, committed 119768K, reserved 1153024K
  class space    used 14646K, capacity 15705K, committed 15832K, reserved 1048576K
Event: 4840.299 GC heap after
Heap after GC invocations=31 (full 4):
 PSYoungGen      total 284672K, used 54498K [0x00000000e0000000, 0x00000000f7300000, 0x0000000100000000)
  eden space 227840K, 0% used [0x00000000e0000000,0x00000000e0000000,0x00000000ede80000)
  from space 56832K, 95% used [0x00000000ede80000,0x00000000f13b8b00,0x00000000f1600000)
  to   space 65024K, 0% used [0x00000000f3380000,0x00000000f3380000,0x00000000f7300000)
 ParOldGen       total 125440K, used 68598K [0x00000000a0000000, 0x00000000a7a80000, 0x00000000e0000000)
  object space 125440K, 54% used [0x00000000a0000000,0x00000000a42fda80,0x00000000a7a80000)
 Metaspace       used 113882K, capacity 119484K, committed 119768K, reserved 1153024K
  class space    used 14646K, capacity 15705K, committed 15832K, reserved 1048576K
}
Event: 4845.186 GC heap before
{Heap before GC invocations=32 (full 4):
 PSYoungGen      total 284672K, used 282268K [0x00000000e0000000, 0x00000000f7300000, 0x0000000100000000)
  eden space 227840K, 99% used [0x00000000e0000000,0x00000000ede6e638,0x00000000ede80000)
  from space 56832K, 95% used [0x00000000ede80000,0x00000000f13b8b00,0x00000000f1600000)
  to   space 65024K, 0% used [0x00000000f3380000,0x00000000f3380000,0x00000000f7300000)
 ParOldGen       total 125440K, used 68598K [0x00000000a0000000, 0x00000000a7a80000, 0x00000000e0000000)
  object space 125440K, 54% used [0x00000000a0000000,0x00000000a42fda80,0x00000000a7a80000)
 Metaspace       used 117671K, capacity 123362K, committed 123736K, reserved 1157120K
  class space    used 15024K, capacity 16090K, committed 16216K, reserved 1048576K
Event: 4845.293 GC heap after
Heap after GC invocations=32 (full 4):
 PSYoungGen      total 301568K, used 65020K [0x00000000e0000000, 0x00000000f8e00000, 0x0000000100000000)
  eden space 236544K, 0% used [0x00000000e0000000,0x00000000e0000000,0x00000000ee700000)
  from space 65024K, 99% used [0x00000000f3380000,0x00000000f72ff158,0x00000000f7300000)
  to   space 78336K, 0% used [0x00000000ee700000,0x00000000ee700000,0x00000000f3380000)
 ParOldGen       total 125440K, used 75779K [0x00000000a0000000, 0x00000000a7a80000, 0x00000000e0000000)
  object space 125440K, 60% used [0x00000000a0000000,0x00000000a4a00f30,0x00000000a7a80000)
 Metaspace       used 117671K, capacity 123362K, committed 123736K, reserved 1157120K
  class space    used 15024K, capacity 16090K, committed 16216K, reserved 1048576K
}

