# JRE version: OpenJDK Runtime Environment (8.0_202-b03) (build 1.8.0_202-release-1483-b03)
# Java VM: OpenJDK 64-Bit Server VM (25.202-b03 mixed mode windows-amd64 compressed oops)
Heap:
 PSYoungGen      total 353280K, used 120829K [0x00000000e0000000, 0x00000000f7e80000, 0x0000000100000000)
  eden space 323072K, 33% used [0x00000000e0000000,0x00000000e69e35f0,0x00000000f3b80000)
  from space 30208K, 41% used [0x00000000f5800000,0x00000000f641c0d0,0x00000000f7580000)
  to   space 29184K, 0% used [0x00000000f3b80000,0x00000000f3b80000,0x00000000f5800000)
 ParOldGen       total 144384K, used 84249K [0x00000000a0000000, 0x00000000a8d00000, 0x00000000e0000000)
  object space 144384K, 58% used [0x00000000a0000000,0x00000000a52467d0,0x00000000a8d00000)
 Metaspace       used 90403K, capacity 94466K, committed 94680K, reserved 1132544K
  class space    used 11701K, capacity 12458K, committed 12544K, reserved 1048576K
GC Heap History (10 events):
Event: 20.414 GC heap before
{Heap before GC invocations=15 (full 3):
 PSYoungGen      total 225792K, used 220495K [0x00000000e0000000, 0x00000000f1400000, 0x0000000100000000)
  eden space 203776K, 100% used [0x00000000e0000000,0x00000000ec700000,0x00000000ec700000)
  from space 22016K, 75% used [0x00000000ec700000,0x00000000ed753c70,0x00000000edc80000)
  to   space 23040K, 0% used [0x00000000efd80000,0x00000000efd80000,0x00000000f1400000)
 ParOldGen       total 144384K, used 36423K [0x00000000a0000000, 0x00000000a8d00000, 0x00000000e0000000)
  object space 144384K, 25% used [0x00000000a0000000,0x00000000a2391fe8,0x00000000a8d00000)
 Metaspace       used 68328K, capacity 70682K, committed 70872K, reserved 1110016K
  class space    used 8882K, capacity 9362K, committed 9472K, reserved 1048576K
Event: 20.443 GC heap after
Heap after GC invocations=15 (full 3):
 PSYoungGen      total 253952K, used 23008K [0x00000000e0000000, 0x00000000f2080000, 0x0000000100000000)
  eden space 230912K, 0% used [0x00000000e0000000,0x00000000e0000000,0x00000000ee180000)
  from space 23040K, 99% used [0x00000000efd80000,0x00000000f13f81b8,0x00000000f1400000)
  to   space 28672K, 0% used [0x00000000ee180000,0x00000000ee180000,0x00000000efd80000)
 ParOldGen       total 144384K, used 42984K [0x00000000a0000000, 0x00000000a8d00000, 0x00000000e0000000)
  object space 144384K, 29% used [0x00000000a0000000,0x00000000a29fa208,0x00000000a8d00000)
 Metaspace       used 68328K, capacity 70682K, committed 70872K, reserved 1110016K
  class space    used 8882K, capacity 9362K, committed 9472K, reserved 1048576K
}
Event: 27.304 GC heap before
{Heap before GC invocations=16 (full 3):
 PSYoungGen      total 253952K, used 253920K [0x00000000e0000000, 0x00000000f2080000, 0x0000000100000000)
  eden space 230912K, 100% used [0x00000000e0000000,0x00000000ee180000,0x00000000ee180000)
  from space 23040K, 99% used [0x00000000efd80000,0x00000000f13f81b8,0x00000000f1400000)
  to   space 28672K, 0% used [0x00000000ee180000,0x00000000ee180000,0x00000000efd80000)
 ParOldGen       total 144384K, used 42984K [0x00000000a0000000, 0x00000000a8d00000, 0x00000000e0000000)
  object space 144384K, 29% used [0x00000000a0000000,0x00000000a29fa208,0x00000000a8d00000)
 Metaspace       used 73184K, capacity 75642K, committed 75736K, reserved 1116160K
  class space    used 9456K, capacity 9938K, committed 9984K, reserved 1048576K
Event: 27.334 GC heap after
Heap after GC invocations=16 (full 3):
 PSYoungGen      total 259584K, used 12583K [0x00000000e0000000, 0x00000000f3780000, 0x0000000100000000)
  eden space 230912K, 0% used [0x00000000e0000000,0x00000000e0000000,0x00000000ee180000)
  from space 28672K, 43% used [0x00000000ee180000,0x00000000eedc9c88,0x00000000efd80000)
  to   space 27136K, 0% used [0x00000000f1d00000,0x00000000f1d00000,0x00000000f3780000)
 ParOldGen       total 144384K, used 62210K [0x00000000a0000000, 0x00000000a8d00000, 0x00000000e0000000)
  object space 144384K, 43% used [0x00000000a0000000,0x00000000a3cc08a8,0x00000000a8d00000)
 Metaspace       used 73184K, capacity 75642K, committed 75736K, reserved 1116160K
  class space    used 9456K, capacity 9938K, committed 9984K, reserved 1048576K
}
Event: 41.180 GC heap before
{Heap before GC invocations=17 (full 3):
 PSYoungGen      total 259584K, used 243495K [0x00000000e0000000, 0x00000000f3780000, 0x0000000100000000)
  eden space 230912K, 100% used [0x00000000e0000000,0x00000000ee180000,0x00000000ee180000)
  from space 28672K, 43% used [0x00000000ee180000,0x00000000eedc9c88,0x00000000efd80000)
  to   space 27136K, 0% used [0x00000000f1d00000,0x00000000f1d00000,0x00000000f3780000)
 ParOldGen       total 144384K, used 62210K [0x00000000a0000000, 0x00000000a8d00000, 0x00000000e0000000)
  object space 144384K, 43% used [0x00000000a0000000,0x00000000a3cc08a8,0x00000000a8d00000)
 Metaspace       used 83019K, capacity 85888K, committed 85976K, reserved 1124352K
  class space    used 10670K, capacity 11255K, committed 11264K, reserved 1048576K
Event: 41.266 GC heap after
Heap after GC invocations=17 (full 3):
 PSYoungGen      total 287232K, used 27112K [0x00000000e0000000, 0x00000000f3e00000, 0x0000000100000000)
  eden space 260096K, 0% used [0x00000000e0000000,0x00000000e0000000,0x00000000efe00000)
  from space 27136K, 99% used [0x00000000f1d00000,0x00000000f377a048,0x00000000f3780000)
  to   space 31744K, 0% used [0x00000000efe00000,0x00000000efe00000,0x00000000f1d00000)
 ParOldGen       total 144384K, used 64084K [0x00000000a0000000, 0x00000000a8d00000, 0x00000000e0000000)
  object space 144384K, 44% used [0x00000000a0000000,0x00000000a3e95118,0x00000000a8d00000)
 Metaspace       used 83019K, capacity 85888K, committed 85976K, reserved 1124352K
  class space    used 10670K, capacity 11255K, committed 11264K, reserved 1048576K
}
Event: 43.648 GC heap before
{Heap before GC invocations=18 (full 3):
 PSYoungGen      total 287232K, used 287208K [0x00000000e0000000, 0x00000000f3e00000, 0x0000000100000000)
  eden space 260096K, 100% used [0x00000000e0000000,0x00000000efe00000,0x00000000efe00000)
  from space 27136K, 99% used [0x00000000f1d00000,0x00000000f377a048,0x00000000f3780000)
  to   space 31744K, 0% used [0x00000000efe00000,0x00000000efe00000,0x00000000f1d00000)
 ParOldGen       total 144384K, used 64084K [0x00000000a0000000, 0x00000000a8d00000, 0x00000000e0000000)
  object space 144384K, 44% used [0x00000000a0000000,0x00000000a3e95118,0x00000000a8d00000)
 Metaspace       used 89857K, capacity 93780K, committed 94040K, reserved 1130496K
  class space    used 11639K, capacity 12363K, committed 12416K, reserved 1048576K
Event: 43.800 GC heap after
Heap after GC invocations=18 (full 3):
 PSYoungGen      total 291840K, used 15340K [0x00000000e0000000, 0x00000000f7580000, 0x0000000100000000)
  eden space 260096K, 0% used [0x00000000e0000000,0x00000000e0000000,0x00000000efe00000)
  from space 31744K, 48% used [0x00000000efe00000,0x00000000f0cfb058,0x00000000f1d00000)
  to   space 30208K, 0% used [0x00000000f5800000,0x00000000f5800000,0x00000000f7580000)
 ParOldGen       total 144384K, used 84241K [0x00000000a0000000, 0x00000000a8d00000, 0x00000000e0000000)
  object space 144384K, 58% used [0x00000000a0000000,0x00000000a52447d0,0x00000000a8d00000)
 Metaspace       used 89857K, capacity 93780K, committed 94040K, reserved 1130496K
  class space    used 11639K, capacity 12363K, committed 12416K, reserved 1048576K
}
Event: 45.060 GC heap before
{Heap before GC invocations=19 (full 3):
 PSYoungGen      total 291840K, used 275436K [0x00000000e0000000, 0x00000000f7580000, 0x0000000100000000)
  eden space 260096K, 100% used [0x00000000e0000000,0x00000000efe00000,0x00000000efe00000)
  from space 31744K, 48% used [0x00000000efe00000,0x00000000f0cfb058,0x00000000f1d00000)
  to   space 30208K, 0% used [0x00000000f5800000,0x00000000f5800000,0x00000000f7580000)
 ParOldGen       total 144384K, used 84241K [0x00000000a0000000, 0x00000000a8d00000, 0x00000000e0000000)
  object space 144384K, 58% used [0x00000000a0000000,0x00000000a52447d0,0x00000000a8d00000)
 Metaspace       used 90273K, capacity 94316K, committed 94552K, reserved 1132544K
  class space    used 11683K, capacity 12415K, committed 12416K, reserved 1048576K
Event: 45.129 GC heap after
Heap after GC invocations=19 (full 3):
 PSYoungGen      total 353280K, used 12400K [0x00000000e0000000, 0x00000000f7e80000, 0x0000000100000000)
  eden space 323072K, 0% used [0x00000000e0000000,0x00000000e0000000,0x00000000f3b80000)
  from space 30208K, 41% used [0x00000000f5800000,0x00000000f641c0d0,0x00000000f7580000)
  to   space 29184K, 0% used [0x00000000f3b80000,0x00000000f3b80000,0x00000000f5800000)
 ParOldGen       total 144384K, used 84249K [0x00000000a0000000, 0x00000000a8d00000, 0x00000000e0000000)
  object space 144384K, 58% used [0x00000000a0000000,0x00000000a52467d0,0x00000000a8d00000)
 Metaspace       used 90273K, capacity 94316K, committed 94552K, reserved 1132544K
  class space    used 11683K, capacity 12415K, committed 12416K, reserved 1048576K
}

